<?xml version="1.0" encoding="UTF-8"?>
<!-- Generated by org.testng.reporters.JUnitReportReporter -->
<testsuite skipped="0" hostname="DESKTOP-OCUP4UH" name="testCases.Api_DemoTC" tests="1" failures="0" timestamp="2022-03-08T18:04:48 BDT" time="20.064" errors="0">
  <testcase name="myFirstCase" time="20.064" classname="testCases.Api_DemoTC"/>
  <system-out/>
</testsuite> <!-- testCases.Api_DemoTC -->
